Determining if the pthread_create exist failed with the following output:
Change Dir: /home/hanwenkai/桌面/pcl_code2/loadPCD/build/CMakeFiles/CMakeTmp

Run Build Command:"/usr/bin/make" "cmTC_8c10f/fast"
/usr/bin/make -f CMakeFiles/cmTC_8c10f.dir/build.make CMakeFiles/cmTC_8c10f.dir/build
make[1]: Entering directory '/home/hanwenkai/桌面/pcl_code2/loadPCD/build/CMakeFiles/CMakeTmp'
Building C object CMakeFiles/cmTC_8c10f.dir/CheckSymbolExists.c.o
/usr/bin/cc     -o CMakeFiles/cmTC_8c10f.dir/CheckSymbolExists.c.o   -c /home/hanwenkai/桌面/pcl_code2/loadPCD/build/CMakeFiles/CMakeTmp/CheckSymbolExists.c
Linking C executable cmTC_8c10f
/usr/bin/cmake -E cmake_link_script CMakeFiles/cmTC_8c10f.dir/link.txt --verbose=1
/usr/bin/cc       CMakeFiles/cmTC_8c10f.dir/CheckSymbolExists.c.o  -o cmTC_8c10f -rdynamic 
CMakeFiles/cmTC_8c10f.dir/CheckSymbolExists.c.o：在函数‘main’中：
CheckSymbolExists.c:(.text+0x16)：对‘pthread_create’未定义的引用
collect2: error: ld returned 1 exit status
CMakeFiles/cmTC_8c10f.dir/build.make:97: recipe for target 'cmTC_8c10f' failed
make[1]: *** [cmTC_8c10f] Error 1
make[1]: Leaving directory '/home/hanwenkai/桌面/pcl_code2/loadPCD/build/CMakeFiles/CMakeTmp'
Makefile:126: recipe for target 'cmTC_8c10f/fast' failed
make: *** [cmTC_8c10f/fast] Error 2

File /home/hanwenkai/桌面/pcl_code2/loadPCD/build/CMakeFiles/CMakeTmp/CheckSymbolExists.c:
/* */
#include <pthread.h>

int main(int argc, char** argv)
{
  (void)argv;
#ifndef pthread_create
  return ((int*)(&pthread_create))[argc];
#else
  (void)argc;
  return 0;
#endif
}

Determining if the function pthread_create exists in the pthreads failed with the following output:
Change Dir: /home/hanwenkai/桌面/pcl_code2/loadPCD/build/CMakeFiles/CMakeTmp

Run Build Command:"/usr/bin/make" "cmTC_827cc/fast"
/usr/bin/make -f CMakeFiles/cmTC_827cc.dir/build.make CMakeFiles/cmTC_827cc.dir/build
make[1]: Entering directory '/home/hanwenkai/桌面/pcl_code2/loadPCD/build/CMakeFiles/CMakeTmp'
Building C object CMakeFiles/cmTC_827cc.dir/CheckFunctionExists.c.o
/usr/bin/cc    -DCHECK_FUNCTION_EXISTS=pthread_create   -o CMakeFiles/cmTC_827cc.dir/CheckFunctionExists.c.o   -c /usr/share/cmake-3.5/Modules/CheckFunctionExists.c
Linking C executable cmTC_827cc
/usr/bin/cmake -E cmake_link_script CMakeFiles/cmTC_827cc.dir/link.txt --verbose=1
/usr/bin/cc   -DCHECK_FUNCTION_EXISTS=pthread_create    CMakeFiles/cmTC_827cc.dir/CheckFunctionExists.c.o  -o cmTC_827cc -rdynamic -lpthreads 
/usr/bin/ld: 找不到 -lpthreads
collect2: error: ld returned 1 exit status
CMakeFiles/cmTC_827cc.dir/build.make:97: recipe for target 'cmTC_827cc' failed
make[1]: *** [cmTC_827cc] Error 1
make[1]: Leaving directory '/home/hanwenkai/桌面/pcl_code2/loadPCD/build/CMakeFiles/CMakeTmp'
Makefile:126: recipe for target 'cmTC_827cc/fast' failed
make: *** [cmTC_827cc/fast] Error 2


