Determining if the pthread_create exist failed with the following output:
Change Dir: /home/hanwenkai/桌面/pcl_code2/hdf5/build/CMakeFiles/CMakeTmp

Run Build Command:"/usr/bin/make" "cmTC_d6bfd/fast"
/usr/bin/make -f CMakeFiles/cmTC_d6bfd.dir/build.make CMakeFiles/cmTC_d6bfd.dir/build
make[1]: Entering directory '/home/hanwenkai/桌面/pcl_code2/hdf5/build/CMakeFiles/CMakeTmp'
Building C object CMakeFiles/cmTC_d6bfd.dir/CheckSymbolExists.c.o
/usr/bin/cc     -o CMakeFiles/cmTC_d6bfd.dir/CheckSymbolExists.c.o   -c /home/hanwenkai/桌面/pcl_code2/hdf5/build/CMakeFiles/CMakeTmp/CheckSymbolExists.c
Linking C executable cmTC_d6bfd
/usr/bin/cmake -E cmake_link_script CMakeFiles/cmTC_d6bfd.dir/link.txt --verbose=1
/usr/bin/cc       CMakeFiles/cmTC_d6bfd.dir/CheckSymbolExists.c.o  -o cmTC_d6bfd -rdynamic 
CMakeFiles/cmTC_d6bfd.dir/CheckSymbolExists.c.o：在函数‘main’中：
CheckSymbolExists.c:(.text+0x16)：对‘pthread_create’未定义的引用
collect2: error: ld returned 1 exit status
CMakeFiles/cmTC_d6bfd.dir/build.make:97: recipe for target 'cmTC_d6bfd' failed
make[1]: *** [cmTC_d6bfd] Error 1
make[1]: Leaving directory '/home/hanwenkai/桌面/pcl_code2/hdf5/build/CMakeFiles/CMakeTmp'
Makefile:126: recipe for target 'cmTC_d6bfd/fast' failed
make: *** [cmTC_d6bfd/fast] Error 2

File /home/hanwenkai/桌面/pcl_code2/hdf5/build/CMakeFiles/CMakeTmp/CheckSymbolExists.c:
/* */
#include <pthread.h>

int main(int argc, char** argv)
{
  (void)argv;
#ifndef pthread_create
  return ((int*)(&pthread_create))[argc];
#else
  (void)argc;
  return 0;
#endif
}

Determining if the function pthread_create exists in the pthreads failed with the following output:
Change Dir: /home/hanwenkai/桌面/pcl_code2/hdf5/build/CMakeFiles/CMakeTmp

Run Build Command:"/usr/bin/make" "cmTC_fce2a/fast"
/usr/bin/make -f CMakeFiles/cmTC_fce2a.dir/build.make CMakeFiles/cmTC_fce2a.dir/build
make[1]: Entering directory '/home/hanwenkai/桌面/pcl_code2/hdf5/build/CMakeFiles/CMakeTmp'
Building C object CMakeFiles/cmTC_fce2a.dir/CheckFunctionExists.c.o
/usr/bin/cc    -DCHECK_FUNCTION_EXISTS=pthread_create   -o CMakeFiles/cmTC_fce2a.dir/CheckFunctionExists.c.o   -c /usr/share/cmake-3.5/Modules/CheckFunctionExists.c
Linking C executable cmTC_fce2a
/usr/bin/cmake -E cmake_link_script CMakeFiles/cmTC_fce2a.dir/link.txt --verbose=1
/usr/bin/cc   -DCHECK_FUNCTION_EXISTS=pthread_create    CMakeFiles/cmTC_fce2a.dir/CheckFunctionExists.c.o  -o cmTC_fce2a -rdynamic -lpthreads 
/usr/bin/ld: 找不到 -lpthreads
collect2: error: ld returned 1 exit status
CMakeFiles/cmTC_fce2a.dir/build.make:97: recipe for target 'cmTC_fce2a' failed
make[1]: *** [cmTC_fce2a] Error 1
make[1]: Leaving directory '/home/hanwenkai/桌面/pcl_code2/hdf5/build/CMakeFiles/CMakeTmp'
Makefile:126: recipe for target 'cmTC_fce2a/fast' failed
make: *** [cmTC_fce2a/fast] Error 2


